<?xml version="1.0" encoding="UTF-8"?>
<testng-results ignored="0" total="1" passed="1" failed="0" skipped="0">
  <reporter-output>
  </reporter-output>
  <suite started-at="2020-01-30T11:31:44 IST" name="Default suite" finished-at="2020-01-30T11:31:48 IST" duration-ms="3899">
    <groups>
    </groups>
    <test started-at="2020-01-30T11:31:44 IST" name="Default test" finished-at="2020-01-30T11:31:48 IST" duration-ms="3899">
      <class name="com.cpt.testcases.TC001_Getting_All_Posts">
        <test-method is-config="true" signature="getAllPosts()[pri:0, instance:com.cpt.testcases.TC001_Getting_All_Posts@6973b51b]" started-at="2020-01-30T11:31:44 IST" name="getAllPosts" finished-at="2020-01-30T11:31:48 IST" duration-ms="3788" status="PASS">
          <reporter-output>
          </reporter-output>
        </test-method> <!-- getAllPosts -->
        <test-method signature="checkResponseCode()[pri:0, instance:com.cpt.testcases.TC001_Getting_All_Posts@6973b51b]" started-at="2020-01-30T11:31:48 IST" name="checkResponseCode" finished-at="2020-01-30T11:31:48 IST" duration-ms="13" status="PASS">
          <reporter-output>
          </reporter-output>
        </test-method> <!-- checkResponseCode -->
      </class> <!-- com.cpt.testcases.TC001_Getting_All_Posts -->
    </test> <!-- Default test -->
  </suite> <!-- Default suite -->
</testng-results>
